<?xml version="1.0" encoding="UTF-8"?>
<!-- Generated by org.testng.reporters.JUnitReportReporter -->
<testsuite hostname="GRGINA-NWX0082" failures="0" tests="1" name="testCases.ValidatingCookies" time="18.013" errors="0" timestamp="2023-06-28T16:27:14 IST" skipped="0">
  <testcase classname="testCases.ValidatingCookies" name="getAllCookies" time="18.013"/>
  <system-out/>
</testsuite> <!-- testCases.ValidatingCookies -->
