<?xml version="1.0" encoding="UTF-8"?>
<!-- Generated by org.testng.reporters.JUnitReportReporter -->
<testsuite hostname="GRGINA-NWX0082" failures="0" tests="1" name="testCases.SessionsCookies" time="10.243" errors="0" timestamp="2023-02-09T17:25:08 IST" skipped="0">
  <testcase classname="testCases.SessionsCookies" name="devTools" time="10.243"/>
  <system-out/>
</testsuite> <!-- testCases.SessionsCookies -->
