<?xml version="1.0" encoding="UTF-8"?>
<!-- Generated by org.testng.reporters.JUnitReportReporter -->
<testsuite hostname="GRGINA-NWX0082" failures="0" tests="1" name="testCases.LinkedTags" time="11.203" errors="0" timestamp="2023-08-07T17:06:50 IST" skipped="0">
  <testcase classname="testCases.LinkedTags" name="tags" time="11.203"/>
  <system-out/>
</testsuite> <!-- testCases.LinkedTags -->
