<?xml version="1.0" encoding="UTF-8"?>
<!-- Generated by org.testng.reporters.JUnitReportReporter -->
<testsuite hostname="GRGINA-NWX0082" failures="0" tests="1" name="testCases.PersonalLoanEMICalculatorTest2" time="24.224" errors="0" timestamp="2023-05-04T13:54:24 IST" skipped="0">
  <testcase classname="testCases.PersonalLoanEMICalculatorTest2" name="verifyPersonalLoanEMICalculatorFunctionality" time="24.224"/>
  <system-out/>
</testsuite> <!-- testCases.PersonalLoanEMICalculatorTest2 -->
