<?xml version="1.0" encoding="UTF-8"?>
<!-- Generated by org.testng.reporters.JUnitReportReporter -->
<testsuite hostname="GRGINA-NWX0428" failures="0" tests="1" name="testCases.SearchFunctionality" time="573.461" errors="0" timestamp="2023-09-15T21:24:14 IST" skipped="0">
  <testcase classname="testCases.SearchFunctionality" name="search" time="573.461"/>
</testsuite> <!-- testCases.SearchFunctionality -->
