<?xml version="1.0" encoding="UTF-8"?>
<!-- Generated by org.testng.reporters.JUnitReportReporter -->
<testsuite hostname="GRGINA-NWX0082" failures="0" tests="1" name="testCases.BajajBlogs" time="41.225" errors="0" timestamp="2023-03-03T18:19:19 IST" skipped="0">
  <testcase classname="testCases.BajajBlogs" name="bajajBlogs" time="41.225"/>
  <system-out/>
</testsuite> <!-- testCases.BajajBlogs -->
